[0.253s] Invoking command in '/home/yamashita/Robot_ws/build/coordinate_msg': CMAKE_PREFIX_PATH=${CMAKE_PREFIX_PATH}:/home/yamashita/Robot_ws/install/bezier_root:/home/yamashita/LegControll/install/test_controll:/home/yamashita/LegControll/install/monitor_node:/home/yamashita/LegControll/install/monitor:/home/yamashita/auto_robot_2024/install/controll_robot:/opt/ros/humble /usr/bin/cmake --build /home/yamashita/Robot_ws/build/coordinate_msg -- -j12 -l12
[0.268s] -- Found ament_cmake: 1.3.8 (/opt/ros/humble/share/ament_cmake/cmake)
[0.352s] -- Found rosidl_default_generators: 1.2.0 (/opt/ros/humble/share/rosidl_default_generators/cmake)
[0.353s] -- Using all available rosidl_typesupport_c: rosidl_typesupport_fastrtps_c;rosidl_typesupport_introspection_c
[0.355s] -- Found rosidl_adapter: 3.1.5 (/opt/ros/humble/share/rosidl_adapter/cmake)
[0.458s] -- Using all available rosidl_typesupport_cpp: rosidl_typesupport_fastrtps_cpp;rosidl_typesupport_introspection_cpp
[0.587s] [31mCMake Error at /opt/ros/humble/share/rosidl_adapter/cmake/rosidl_adapt_interfaces.cmake:59 (message):
[0.587s]   execute_process(/usr/bin/python3 -m rosidl_adapter --package-name
[0.587s]   coordinate_msg --arguments-file
[0.588s]   /home/yamashita/Robot_ws/build/coordinate_msg/rosidl_adapter__arguments__coordinate_msg.json
[0.588s]   --output-dir
[0.588s]   /home/yamashita/Robot_ws/build/coordinate_msg/rosidl_adapter/coordinate_msg
[0.588s]   --output-file
[0.588s]   /home/yamashita/Robot_ws/build/coordinate_msg/rosidl_adapter/coordinate_msg.idls)
[0.588s]   returned error code 1:
[0.588s] 
[0.588s]   Error processing 'float64 data[]' of 'coordinate_msg/Coordinate': ''data[]'
[0.588s]   is an invalid field name.  It should have the pattern
[0.588s]   '^(?!.*__)(?!.*_$)[a-z][a-z0-9_]*$''
[0.588s] 
[0.588s]   Traceback (most recent call last):
[0.588s] 
[0.588s]     File "/usr/lib/python3.10/runpy.py", line 196, in _run_module_as_main
[0.588s]       return _run_code(code, main_globals, None,
[0.589s]     File "/usr/lib/python3.10/runpy.py", line 86, in _run_code
[0.589s]       exec(code, run_globals)
[0.589s]     File "/opt/ros/humble/local/lib/python3.10/dist-packages/rosidl_adapter/__main__.py", line 19, in <module>
[0.589s]       sys.exit(main())
[0.589s]     File "/opt/ros/humble/local/lib/python3.10/dist-packages/rosidl_adapter/main.py", line 53, in main
[0.589s]       abs_idl_file = convert_to_idl(
[0.589s]     File "/opt/ros/humble/local/lib/python3.10/dist-packages/rosidl_adapter/__init__.py", line 19, in convert_to_idl
[0.589s]       return convert_msg_to_idl(
[0.589s]     File "/opt/ros/humble/local/lib/python3.10/dist-packages/rosidl_adapter/msg/__init__.py", line 28, in convert_msg_to_idl
[0.589s]       msg = parse_message_string(package_name, input_file.stem, content)
[0.589s]     File "/opt/ros/humble/local/lib/python3.10/dist-packages/rosidl_adapter/parser.py", line 519, in parse_message_string
[0.589s]       fields.append(Field(
[0.589s]     File "/opt/ros/humble/local/lib/python3.10/dist-packages/rosidl_adapter/parser.py", line 354, in __init__
[0.589s]       raise NameError(
[0.589s] 
[0.590s]   NameError: 'data[]' is an invalid field name.  It should have the pattern
[0.590s]   '^(?!.*__)(?!.*_$)[a-z][a-z0-9_]*$'
[0.590s] 
[0.590s] Call Stack (most recent call first):
[0.590s]   /opt/ros/humble/share/rosidl_cmake/cmake/rosidl_generate_interfaces.cmake:130 (rosidl_adapt_interfaces)
[0.590s]   CMakeLists.txt:14 (rosidl_generate_interfaces)
[0.590s] 
[0.590s] [0m
[0.590s] -- Configuring incomplete, errors occurred!
[0.590s] See also "/home/yamashita/Robot_ws/build/coordinate_msg/CMakeFiles/CMakeOutput.log".
[0.591s] gmake: *** [Makefile:747: cmake_check_build_system] Error 1
[0.593s] Invoked command in '/home/yamashita/Robot_ws/build/coordinate_msg' returned '2': CMAKE_PREFIX_PATH=${CMAKE_PREFIX_PATH}:/home/yamashita/Robot_ws/install/bezier_root:/home/yamashita/LegControll/install/test_controll:/home/yamashita/LegControll/install/monitor_node:/home/yamashita/LegControll/install/monitor:/home/yamashita/auto_robot_2024/install/controll_robot:/opt/ros/humble /usr/bin/cmake --build /home/yamashita/Robot_ws/build/coordinate_msg -- -j12 -l12
